TN:
SF:src\index.bench.ts
FN:20,(anonymous_0)
FN:26,(anonymous_1)
FN:29,(anonymous_2)
FN:32,(anonymous_3)
FN:35,(anonymous_4)
FN:38,(anonymous_5)
FN:46,(anonymous_6)
FN:49,(anonymous_7)
FN:52,(anonymous_8)
FN:55,(anonymous_9)
FN:58,(anonymous_10)
FN:67,(anonymous_11)
FN:70,(anonymous_12)
FN:73,(anonymous_13)
FN:76,(anonymous_14)
FN:79,(anonymous_15)
FN:83,(anonymous_16)
FN:88,(anonymous_17)
FN:98,(anonymous_18)
FN:102,(anonymous_19)
FN:107,(anonymous_20)
FN:111,(anonymous_21)
FN:115,(anonymous_22)
FN:123,(anonymous_23)
FN:127,(anonymous_24)
FN:134,(anonymous_25)
FN:138,(anonymous_26)
FN:142,(anonymous_27)
FN:146,(anonymous_28)
FN:150,(anonymous_29)
FN:154,(anonymous_30)
FN:158,(anonymous_31)
FN:168,(anonymous_32)
FN:172,(anonymous_33)
FN:176,(anonymous_34)
FN:180,(anonymous_35)
FN:184,(anonymous_36)
FN:192,(anonymous_37)
FNF:38
FNH:0
FNDA:0,(anonymous_0)
FNDA:0,(anonymous_1)
FNDA:0,(anonymous_2)
FNDA:0,(anonymous_3)
FNDA:0,(anonymous_4)
FNDA:0,(anonymous_5)
FNDA:0,(anonymous_6)
FNDA:0,(anonymous_7)
FNDA:0,(anonymous_8)
FNDA:0,(anonymous_9)
FNDA:0,(anonymous_10)
FNDA:0,(anonymous_11)
FNDA:0,(anonymous_12)
FNDA:0,(anonymous_13)
FNDA:0,(anonymous_14)
FNDA:0,(anonymous_15)
FNDA:0,(anonymous_16)
FNDA:0,(anonymous_17)
FNDA:0,(anonymous_18)
FNDA:0,(anonymous_19)
FNDA:0,(anonymous_20)
FNDA:0,(anonymous_21)
FNDA:0,(anonymous_22)
FNDA:0,(anonymous_23)
FNDA:0,(anonymous_24)
FNDA:0,(anonymous_25)
FNDA:0,(anonymous_26)
FNDA:0,(anonymous_27)
FNDA:0,(anonymous_28)
FNDA:0,(anonymous_29)
FNDA:0,(anonymous_30)
FNDA:0,(anonymous_31)
FNDA:0,(anonymous_32)
FNDA:0,(anonymous_33)
FNDA:0,(anonymous_34)
FNDA:0,(anonymous_35)
FNDA:0,(anonymous_36)
FNDA:0,(anonymous_37)
DA:11,0
DA:20,0
DA:23,0
DA:24,0
DA:25,0
DA:26,0
DA:27,0
DA:29,0
DA:30,0
DA:32,0
DA:33,0
DA:35,0
DA:36,0
DA:38,0
DA:39,0
DA:43,0
DA:44,0
DA:45,0
DA:46,0
DA:47,0
DA:49,0
DA:50,0
DA:52,0
DA:53,0
DA:55,0
DA:56,0
DA:58,0
DA:59,0
DA:64,0
DA:65,0
DA:66,0
DA:67,0
DA:68,0
DA:70,0
DA:71,0
DA:73,0
DA:74,0
DA:76,0
DA:77,0
DA:79,0
DA:80,0
DA:83,0
DA:84,0
DA:85,0
DA:88,0
DA:89,0
DA:91,0
DA:92,0
DA:93,0
DA:97,0
DA:98,0
DA:99,0
DA:102,0
DA:103,0
DA:106,0
DA:107,0
DA:108,0
DA:111,0
DA:112,0
DA:115,0
DA:116,0
DA:122,0
DA:123,0
DA:124,0
DA:127,0
DA:128,0
DA:131,0
DA:134,0
DA:135,0
DA:138,0
DA:139,0
DA:142,0
DA:143,0
DA:146,0
DA:147,0
DA:150,0
DA:151,0
DA:154,0
DA:155,0
DA:158,0
DA:159,0
DA:162,0
DA:163,0
DA:164,0
DA:165,0
DA:166,0
DA:167,0
DA:168,0
DA:169,0
DA:172,0
DA:173,0
DA:176,0
DA:177,0
DA:180,0
DA:181,0
DA:184,0
DA:185,0
DA:192,0
DA:193,0
DA:194,0
DA:195,0
DA:196,0
DA:197,0
DA:198,0
DA:199,0
DA:201,0
DA:206,0
LF:107
LH:0
BRDA:198,0,0,0
BRDA:198,0,1,0
BRDA:202,1,0,0
BRDA:202,1,1,0
BRF:4
BRH:0
end_of_record
TN:
SF:src\index.ts
FN:19,(anonymous_0)
FN:20,(anonymous_1)
FN:29,(anonymous_2)
FN:30,(anonymous_3)
FN:39,(anonymous_4)
FN:42,(anonymous_5)
FN:51,(anonymous_6)
FN:54,(anonymous_7)
FN:62,(anonymous_8)
FN:82,(anonymous_9)
FN:104,(anonymous_10)
FN:123,(anonymous_11)
FN:144,(anonymous_12)
FN:156,(anonymous_13)
FN:158,(anonymous_14)
FN:185,toBigIntLE
FN:189,validateBigIntBuffer
FN:203,toBigIntBE
FN:213,toBufferLE
FN:227,toBufferBE
FN:243,bigintToBuf
FN:257,bufToBigint
FN:266,bigintToHex
FN:280,hexToBigint
FN:294,bigintToText
FN:303,textToBigint
FN:319,bigintToBase64
FN:332,base64ToBigint
FNF:28
FNH:4
FNDA:0,(anonymous_0)
FNDA:0,(anonymous_1)
FNDA:0,(anonymous_2)
FNDA:0,(anonymous_3)
FNDA:0,(anonymous_4)
FNDA:0,(anonymous_5)
FNDA:0,(anonymous_6)
FNDA:0,(anonymous_7)
FNDA:0,(anonymous_8)
FNDA:0,(anonymous_9)
FNDA:0,(anonymous_10)
FNDA:0,(anonymous_11)
FNDA:0,(anonymous_12)
FNDA:0,(anonymous_13)
FNDA:0,(anonymous_14)
FNDA:11,toBigIntLE
FNDA:0,validateBigIntBuffer
FNDA:11,toBigIntBE
FNDA:8,toBufferLE
FNDA:8,toBufferBE
FNDA:0,bigintToBuf
FNDA:0,bufToBigint
FNDA:0,bigintToHex
FNDA:0,hexToBigint
FNDA:0,bigintToText
FNDA:0,textToBigint
FNDA:0,bigintToBase64
FNDA:0,base64ToBigint
DA:13,1
DA:14,1
DA:15,1
DA:16,1
DA:18,1
DA:19,0
DA:21,0
DA:22,0
DA:23,0
DA:25,0
DA:28,1
DA:29,0
DA:31,0
DA:32,0
DA:33,0
DA:35,0
DA:38,1
DA:40,0
DA:43,0
DA:44,0
DA:45,0
DA:46,0
DA:50,1
DA:52,0
DA:55,0
DA:56,0
DA:57,0
DA:58,0
DA:62,1
DA:63,0
DA:64,0
DA:65,0
DA:66,0
DA:68,0
DA:69,0
DA:70,0
DA:73,0
DA:74,0
DA:75,0
DA:76,0
DA:79,0
DA:82,1
DA:83,0
DA:84,0
DA:86,0
DA:87,0
DA:88,0
DA:90,0
DA:91,0
DA:92,0
DA:96,0
DA:97,0
DA:98,0
DA:101,0
DA:104,1
DA:105,0
DA:106,0
DA:107,0
DA:109,0
DA:110,0
DA:111,0
DA:112,0
DA:115,0
DA:116,0
DA:117,0
DA:120,0
DA:123,1
DA:124,0
DA:125,0
DA:126,0
DA:128,0
DA:129,0
DA:130,0
DA:131,0
DA:132,0
DA:135,0
DA:136,0
DA:137,0
DA:138,0
DA:141,0
DA:144,1
DA:145,0
DA:146,0
DA:147,0
DA:148,0
DA:149,0
DA:150,0
DA:152,0
DA:155,1
DA:157,0
DA:159,0
DA:162,1
DA:163,1
DA:165,1
DA:166,1
DA:168,1
DA:169,1
DA:170,1
DA:171,1
DA:174,0
DA:186,11
DA:190,0
DA:191,0
DA:192,0
DA:194,0
DA:204,11
DA:214,8
DA:215,0
DA:217,8
DA:218,8
DA:228,8
DA:229,0
DA:231,8
DA:232,8
DA:244,0
DA:245,0
DA:247,0
DA:248,0
DA:258,0
DA:267,0
DA:268,0
DA:270,0
DA:272,0
DA:282,0
DA:283,0
DA:284,0
DA:286,0
DA:295,0
DA:304,0
DA:305,0
DA:307,0
DA:308,0
DA:310,0
DA:320,0
DA:321,0
DA:323,0
DA:324,0
DA:333,0
DA:334,0
DA:337,0
DA:338,0
DA:339,0
DA:341,0
DA:342,0
LF:144
LH:30
BRDA:18,0,0,0
BRDA:18,0,1,0
BRDA:28,1,0,0
BRDA:28,1,1,0
BRDA:38,2,0,0
BRDA:38,2,1,0
BRDA:50,3,0,0
BRDA:50,3,1,0
BRDA:84,4,0,0
BRDA:84,4,1,0
BRDA:90,5,0,0
BRDA:90,5,1,0
BRDA:145,6,0,0
BRDA:145,6,1,0
BRDA:156,7,0,0
BRDA:157,8,0,0
BRDA:157,8,1,0
BRDA:158,9,0,0
BRDA:159,10,0,0
BRDA:159,10,1,0
BRDA:165,11,0,1
BRDA:165,11,1,0
BRDA:169,12,0,1
BRDA:169,12,1,0
BRDA:214,13,0,0
BRDA:214,13,1,8
BRDA:217,14,0,0
BRDA:217,14,1,8
BRDA:228,15,0,0
BRDA:228,15,1,8
BRDA:231,16,0,0
BRDA:231,16,1,8
BRDA:244,17,0,0
BRDA:244,17,1,0
BRDA:267,18,0,0
BRDA:267,18,1,0
BRDA:272,19,0,0
BRDA:272,19,1,0
BRDA:282,20,0,0
BRDA:282,20,1,0
BRDA:283,21,0,0
BRDA:283,21,1,0
BRDA:304,22,0,0
BRDA:304,22,1,0
BRDA:310,23,0,0
BRDA:310,23,1,0
BRDA:320,24,0,0
BRDA:320,24,1,0
BRDA:333,25,0,0
BRDA:333,25,1,0
BRDA:338,26,0,0
BRDA:338,26,1,0
BRF:52
BRH:6
end_of_record
TN:
SF:src\conversion\converter.ts
FN:28,(anonymous_0)
FN:36,loadNative
FN:69,(anonymous_2)
FN:75,(anonymous_3)
FNF:4
FNH:2
FNDA:20,(anonymous_0)
FNDA:10,loadNative
FNDA:0,(anonymous_2)
FNDA:0,(anonymous_3)
DA:10,10
DA:16,10
DA:19,10
DA:28,10
DA:29,20
DA:30,40
DA:31,40
DA:33,0
DA:37,10
DA:39,10
DA:40,10
DA:41,10
DA:46,0
DA:47,0
DA:51,10
DA:52,10
DA:53,10
DA:54,10
DA:59,0
DA:66,10
DA:68,0
DA:70,0
DA:71,0
DA:72,0
DA:73,0
DA:76,0
DA:77,0
DA:78,0
DA:79,0
DA:80,0
DA:81,0
DA:82,0
LF:32
LH:16
BRDA:16,0,0,10
BRDA:16,0,1,10
BRDA:31,1,0,20
BRDA:31,1,1,20
BRDA:51,2,0,10
BRDA:51,2,1,0
BRDA:54,3,0,0
BRDA:54,3,1,10
BRDA:55,4,0,10
BRDA:55,4,1,0
BRDA:55,4,2,0
BRDA:66,5,0,0
BRDA:66,5,1,10
BRDA:69,6,0,0
BRDA:71,7,0,0
BRDA:71,7,1,0
BRDA:73,8,0,0
BRDA:73,8,1,0
BRDA:75,9,0,0
BRDA:80,10,0,0
BRDA:80,10,1,0
BRF:21
BRH:8
end_of_record
TN:
SF:src\conversion\index.ts
FNF:0
FNH:0
LF:0
LH:0
BRF:0
BRH:0
end_of_record
TN:
SF:src\conversion\src\ts\index.ts
FN:24,loadNative
FN:58,(anonymous_1)
FN:64,(anonymous_2)
FN:81,toBigIntLE
FN:94,validateBigIntBuffer
FN:108,toBigIntBE
FN:125,toBufferLE
FN:145,toBufferBE
FN:179,parseHex
FN:217,bigintToBuf
FN:234,bufToBigint
FN:261,bigintToHex
FN:283,hexToBigint
FN:298,bigintToText
FN:314,textToBigint
FN:317,toBuffer
FN:340,bufToText
FN:359,textToBuf
FN:379,bufToHex
FN:395,(anonymous_19)
FN:429,hexToBuf
FN:437,(anonymous_21)
FN:461,bigintToBase64
FN:488,base64ToBigint
FNF:24
FNH:15
FNDA:10,loadNative
FNDA:0,(anonymous_1)
FNDA:0,(anonymous_2)
FNDA:0,toBigIntLE
FNDA:0,validateBigIntBuffer
FNDA:0,toBigIntBE
FNDA:0,toBufferLE
FNDA:0,toBufferBE
FNDA:124,parseHex
FNDA:19,bigintToBuf
FNDA:19,bufToBigint
FNDA:27,bigintToHex
FNDA:7,hexToBigint
FNDA:4,bigintToText
FNDA:3,textToBigint
FNDA:38,toBuffer
FNDA:6,bufToText
FNDA:6,textToBuf
FNDA:16,bufToHex
FNDA:0,(anonymous_19)
FNDA:31,hexToBuf
FNDA:0,(anonymous_21)
FNDA:4,bigintToBase64
FNDA:4,base64ToBigint
DA:25,10
DA:27,10
DA:28,10
DA:29,10
DA:34,0
DA:35,0
DA:39,10
DA:40,10
DA:41,10
DA:42,10
DA:43,10
DA:48,0
DA:55,10
DA:57,0
DA:59,0
DA:60,0
DA:61,0
DA:62,0
DA:65,0
DA:66,0
DA:67,0
DA:68,0
DA:69,0
DA:70,0
DA:71,0
DA:82,0
DA:83,0
DA:84,0
DA:85,0
DA:86,0
DA:87,0
DA:89,0
DA:91,0
DA:95,0
DA:96,0
DA:97,0
DA:99,0
DA:109,0
DA:110,0
DA:111,0
DA:112,0
DA:114,0
DA:116,0
DA:126,0
DA:127,0
DA:128,0
DA:132,0
DA:133,0
DA:136,0
DA:146,0
DA:147,0
DA:148,0
DA:150,0
DA:184,124
DA:185,124
DA:186,6
DA:190,118
DA:191,118
DA:192,41
DA:193,2
DA:199,39
DA:201,116
DA:221,19
DA:222,3
DA:226,16
DA:235,19
DA:236,19
DA:237,15
DA:239,4
DA:242,19
DA:243,19
DA:244,216
DA:245,216
DA:247,19
DA:266,27
DA:267,2
DA:271,25
DA:284,7
DA:299,4
DA:300,1
DA:304,3
DA:315,3
DA:318,38
DA:319,13
DA:322,25
DA:323,22
DA:326,3
DA:327,3
DA:330,0
DA:341,6
DA:342,6
DA:343,0
DA:345,6
DA:363,6
DA:364,4
DA:366,2
DA:384,16
DA:385,0
DA:386,0
DA:387,0
DA:388,0
DA:392,0
DA:395,0
DA:396,0
DA:399,0
DA:401,16
DA:402,16
DA:403,16
DA:410,16
DA:433,31
DA:434,31
DA:435,31
DA:436,0
DA:439,0
DA:443,26
DA:444,26
DA:466,4
DA:467,0
DA:469,4
DA:470,4
DA:473,4
DA:474,2
DA:476,4
DA:477,2
DA:479,4
DA:489,4
DA:490,0
DA:492,4
DA:493,4
DA:494,0
DA:497,4
DA:499,4
DA:500,3
DA:502,4
DA:503,4
LF:135
LH:77
BRDA:40,0,0,10
BRDA:40,0,1,0
BRDA:43,1,0,0
BRDA:43,1,1,10
BRDA:44,2,0,10
BRDA:44,2,1,0
BRDA:44,2,2,0
BRDA:55,3,0,0
BRDA:55,3,1,10
BRDA:58,4,0,0
BRDA:60,5,0,0
BRDA:60,5,1,0
BRDA:62,6,0,0
BRDA:62,6,1,0
BRDA:64,7,0,0
BRDA:69,8,0,0
BRDA:69,8,1,0
BRDA:82,9,0,0
BRDA:82,9,1,0
BRDA:82,10,0,0
BRDA:82,10,1,0
BRDA:86,11,0,0
BRDA:86,11,1,0
BRDA:109,12,0,0
BRDA:109,12,1,0
BRDA:109,13,0,0
BRDA:109,13,1,0
BRDA:111,14,0,0
BRDA:111,14,1,0
BRDA:126,15,0,0
BRDA:126,15,1,0
BRDA:126,16,0,0
BRDA:126,16,1,0
BRDA:146,17,0,0
BRDA:146,17,1,0
BRDA:146,18,0,0
BRDA:146,18,1,0
BRDA:181,19,0,124
BRDA:185,20,0,6
BRDA:185,20,1,118
BRDA:191,21,0,41
BRDA:191,21,1,77
BRDA:192,22,0,2
BRDA:192,22,1,39
BRDA:201,23,0,13
BRDA:201,23,1,103
BRDA:219,24,0,19
BRDA:221,25,0,3
BRDA:221,25,1,16
BRDA:236,26,0,15
BRDA:236,26,1,4
BRDA:263,27,0,27
BRDA:266,28,0,2
BRDA:266,28,1,25
BRDA:299,29,0,1
BRDA:299,29,1,3
BRDA:318,30,0,13
BRDA:318,30,1,25
BRDA:322,31,0,22
BRDA:322,31,1,3
BRDA:326,32,0,3
BRDA:326,32,1,0
BRDA:342,33,0,0
BRDA:342,33,1,6
BRDA:361,34,0,6
BRDA:363,35,0,4
BRDA:363,35,1,2
BRDA:363,36,0,6
BRDA:363,36,1,6
BRDA:381,37,0,16
BRDA:384,38,0,0
BRDA:384,38,1,16
BRDA:387,39,0,0
BRDA:387,39,1,0
BRDA:402,40,0,16
BRDA:402,40,1,0
BRDA:431,41,0,31
BRDA:435,42,0,0
BRDA:435,42,1,26
BRDA:444,43,0,5
BRDA:444,43,1,21
BRDA:463,44,0,4
BRDA:464,45,0,4
BRDA:466,46,0,0
BRDA:466,46,1,4
BRDA:470,47,0,4
BRDA:470,47,1,0
BRDA:473,48,0,2
BRDA:473,48,1,2
BRDA:476,49,0,2
BRDA:476,49,1,2
BRDA:489,50,0,0
BRDA:489,50,1,4
BRDA:489,51,0,4
BRDA:489,51,1,4
BRDA:493,52,0,0
BRDA:493,52,1,4
BRF:97
BRH:53
end_of_record
TN:
SF:src\conversion\src\ts\fixedPoint\index.ts
FN:9,(anonymous_0)
FN:12,(anonymous_1)
FN:22,(anonymous_2)
FN:37,toFixedPoint
FN:49,fromFixedPoint
FN:61,addFixedPoint
FN:65,subtractFixedPoint
FN:69,averageFixedPoint
FN:73,(anonymous_8)
FN:77,compareFixedPoint
FN:85,fixedPointToBigInt
FNF:11
FNH:0
FNDA:0,(anonymous_0)
FNDA:0,(anonymous_1)
FNDA:0,(anonymous_2)
FNDA:0,toFixedPoint
FNDA:0,fromFixedPoint
FNDA:0,addFixedPoint
FNDA:0,subtractFixedPoint
FNDA:0,averageFixedPoint
FNDA:0,(anonymous_8)
FNDA:0,compareFixedPoint
FNDA:0,fixedPointToBigInt
DA:5,10
DA:6,10
DA:7,10
DA:9,10
DA:10,0
DA:12,10
DA:13,0
DA:14,0
DA:16,0
DA:17,0
DA:18,0
DA:19,0
DA:22,10
DA:23,0
DA:24,0
DA:26,0
DA:27,0
DA:28,0
DA:30,0
DA:31,0
DA:32,0
DA:33,0
DA:34,0
DA:41,0
DA:42,0
DA:44,0
DA:45,0
DA:46,0
DA:53,0
DA:54,0
DA:55,0
DA:57,0
DA:58,0
DA:62,0
DA:66,0
DA:70,0
DA:71,0
DA:73,0
DA:74,0
DA:78,0
DA:79,0
DA:80,0
DA:82,0
DA:86,0
LF:44
LH:6
BRDA:10,0,0,0
BRDA:10,0,1,0
BRDA:10,1,0,0
BRDA:10,1,1,0
BRDA:13,2,0,0
BRDA:13,2,1,0
BRDA:17,3,0,0
BRDA:17,3,1,0
BRDA:19,4,0,0
BRDA:19,4,1,0
BRDA:23,5,0,0
BRDA:23,5,1,0
BRDA:27,6,0,0
BRDA:27,6,1,0
BRDA:31,7,0,0
BRDA:31,7,1,0
BRDA:34,8,0,0
BRDA:34,8,1,0
BRDA:39,9,0,0
BRDA:41,10,0,0
BRDA:41,10,1,0
BRDA:51,11,0,0
BRDA:54,12,0,0
BRDA:54,12,1,0
BRDA:70,13,0,0
BRDA:70,13,1,0
BRDA:79,14,0,0
BRDA:79,14,1,0
BRDA:82,15,0,0
BRDA:82,15,1,0
BRF:30
BRH:0
end_of_record
