TN:
SF:src\index.bench.ts
FN:20,(anonymous_0)
FN:26,(anonymous_1)
FN:29,(anonymous_2)
FN:32,(anonymous_3)
FN:35,(anonymous_4)
FN:38,(anonymous_5)
FN:46,(anonymous_6)
FN:49,(anonymous_7)
FN:52,(anonymous_8)
FN:55,(anonymous_9)
FN:58,(anonymous_10)
FN:67,(anonymous_11)
FN:70,(anonymous_12)
FN:73,(anonymous_13)
FN:76,(anonymous_14)
FN:79,(anonymous_15)
FN:83,(anonymous_16)
FN:88,(anonymous_17)
FN:98,(anonymous_18)
FN:102,(anonymous_19)
FN:107,(anonymous_20)
FN:111,(anonymous_21)
FN:115,(anonymous_22)
FN:123,(anonymous_23)
FN:127,(anonymous_24)
FN:134,(anonymous_25)
FN:138,(anonymous_26)
FN:142,(anonymous_27)
FN:146,(anonymous_28)
FN:150,(anonymous_29)
FN:154,(anonymous_30)
FN:158,(anonymous_31)
FN:168,(anonymous_32)
FN:172,(anonymous_33)
FN:176,(anonymous_34)
FN:180,(anonymous_35)
FN:184,(anonymous_36)
FN:192,(anonymous_37)
FNF:38
FNH:0
FNDA:0,(anonymous_0)
FNDA:0,(anonymous_1)
FNDA:0,(anonymous_2)
FNDA:0,(anonymous_3)
FNDA:0,(anonymous_4)
FNDA:0,(anonymous_5)
FNDA:0,(anonymous_6)
FNDA:0,(anonymous_7)
FNDA:0,(anonymous_8)
FNDA:0,(anonymous_9)
FNDA:0,(anonymous_10)
FNDA:0,(anonymous_11)
FNDA:0,(anonymous_12)
FNDA:0,(anonymous_13)
FNDA:0,(anonymous_14)
FNDA:0,(anonymous_15)
FNDA:0,(anonymous_16)
FNDA:0,(anonymous_17)
FNDA:0,(anonymous_18)
FNDA:0,(anonymous_19)
FNDA:0,(anonymous_20)
FNDA:0,(anonymous_21)
FNDA:0,(anonymous_22)
FNDA:0,(anonymous_23)
FNDA:0,(anonymous_24)
FNDA:0,(anonymous_25)
FNDA:0,(anonymous_26)
FNDA:0,(anonymous_27)
FNDA:0,(anonymous_28)
FNDA:0,(anonymous_29)
FNDA:0,(anonymous_30)
FNDA:0,(anonymous_31)
FNDA:0,(anonymous_32)
FNDA:0,(anonymous_33)
FNDA:0,(anonymous_34)
FNDA:0,(anonymous_35)
FNDA:0,(anonymous_36)
FNDA:0,(anonymous_37)
DA:11,0
DA:20,0
DA:23,0
DA:24,0
DA:25,0
DA:26,0
DA:27,0
DA:29,0
DA:30,0
DA:32,0
DA:33,0
DA:35,0
DA:36,0
DA:38,0
DA:39,0
DA:43,0
DA:44,0
DA:45,0
DA:46,0
DA:47,0
DA:49,0
DA:50,0
DA:52,0
DA:53,0
DA:55,0
DA:56,0
DA:58,0
DA:59,0
DA:64,0
DA:65,0
DA:66,0
DA:67,0
DA:68,0
DA:70,0
DA:71,0
DA:73,0
DA:74,0
DA:76,0
DA:77,0
DA:79,0
DA:80,0
DA:83,0
DA:84,0
DA:85,0
DA:88,0
DA:89,0
DA:91,0
DA:92,0
DA:93,0
DA:97,0
DA:98,0
DA:99,0
DA:102,0
DA:103,0
DA:106,0
DA:107,0
DA:108,0
DA:111,0
DA:112,0
DA:115,0
DA:116,0
DA:122,0
DA:123,0
DA:124,0
DA:127,0
DA:128,0
DA:131,0
DA:134,0
DA:135,0
DA:138,0
DA:139,0
DA:142,0
DA:143,0
DA:146,0
DA:147,0
DA:150,0
DA:151,0
DA:154,0
DA:155,0
DA:158,0
DA:159,0
DA:162,0
DA:163,0
DA:164,0
DA:165,0
DA:166,0
DA:167,0
DA:168,0
DA:169,0
DA:172,0
DA:173,0
DA:176,0
DA:177,0
DA:180,0
DA:181,0
DA:184,0
DA:185,0
DA:192,0
DA:193,0
DA:194,0
DA:195,0
DA:196,0
DA:197,0
DA:198,0
DA:199,0
DA:201,0
DA:206,0
LF:107
LH:0
BRDA:198,0,0,0
BRDA:198,0,1,0
BRDA:202,1,0,0
BRDA:202,1,1,0
BRF:4
BRH:0
end_of_record
TN:
SF:src\index.ts
FNF:0
FNH:0
LF:0
LH:0
BRF:0
BRH:0
end_of_record
TN:
SF:src\conversion\index.ts
FNF:0
FNH:0
LF:0
LH:0
BRF:0
BRH:0
end_of_record
TN:
SF:src\conversion\src\ts\index.ts
FN:27,(anonymous_0)
FN:35,loadNative
FN:68,(anonymous_2)
FN:74,(anonymous_3)
FN:91,toBigIntLE
FN:104,validateBigIntBuffer
FN:118,toBigIntBE
FN:135,toBufferLE
FN:155,toBufferBE
FN:189,parseHex
FN:227,bigintToBuf
FN:244,bufToBigint
FN:271,bigintToHex
FN:293,hexToBigint
FN:308,bigintToText
FN:324,textToBigint
FN:327,toBuffer
FN:350,bufToText
FN:369,textToBuf
FN:389,bufToHex
FN:405,(anonymous_20)
FN:439,hexToBuf
FN:447,(anonymous_22)
FN:471,bigintToBase64
FN:488,base64ToBigint
FNF:25
FNH:20
FNDA:10,(anonymous_0)
FNDA:10,loadNative
FNDA:0,(anonymous_2)
FNDA:0,(anonymous_3)
FNDA:11,toBigIntLE
FNDA:0,validateBigIntBuffer
FNDA:11,toBigIntBE
FNDA:8,toBufferLE
FNDA:8,toBufferBE
FNDA:124,parseHex
FNDA:19,bigintToBuf
FNDA:19,bufToBigint
FNDA:27,bigintToHex
FNDA:7,hexToBigint
FNDA:4,bigintToText
FNDA:3,textToBigint
FNDA:38,toBuffer
FNDA:6,bufToText
FNDA:6,textToBuf
FNDA:16,bufToHex
FNDA:0,(anonymous_20)
FNDA:31,hexToBuf
FNDA:0,(anonymous_22)
FNDA:4,bigintToBase64
FNDA:4,base64ToBigint
DA:10,10
DA:15,10
DA:18,10
DA:27,10
DA:28,10
DA:29,30
DA:30,30
DA:32,0
DA:36,10
DA:38,10
DA:39,10
DA:40,10
DA:45,0
DA:46,0
DA:50,10
DA:51,10
DA:52,10
DA:53,10
DA:58,0
DA:65,10
DA:67,0
DA:69,0
DA:70,0
DA:71,0
DA:72,0
DA:75,0
DA:76,0
DA:77,0
DA:78,0
DA:79,0
DA:80,0
DA:81,0
DA:92,11
DA:93,0
DA:94,0
DA:95,0
DA:96,0
DA:97,0
DA:99,0
DA:101,11
DA:105,0
DA:106,0
DA:107,0
DA:109,0
DA:119,11
DA:120,0
DA:121,0
DA:122,0
DA:124,0
DA:126,11
DA:136,8
DA:137,0
DA:138,0
DA:142,0
DA:143,0
DA:146,8
DA:156,8
DA:157,0
DA:158,0
DA:160,8
DA:194,124
DA:195,124
DA:196,6
DA:200,118
DA:201,118
DA:202,41
DA:203,2
DA:209,39
DA:211,116
DA:231,19
DA:232,3
DA:236,16
DA:245,19
DA:246,19
DA:247,15
DA:249,4
DA:252,19
DA:253,19
DA:254,216
DA:255,216
DA:257,19
DA:276,27
DA:277,2
DA:281,25
DA:294,7
DA:309,4
DA:310,1
DA:314,3
DA:325,3
DA:328,38
DA:329,13
DA:332,25
DA:333,22
DA:336,3
DA:337,3
DA:340,0
DA:351,6
DA:352,6
DA:353,0
DA:355,6
DA:373,6
DA:374,4
DA:376,2
DA:394,16
DA:395,0
DA:396,0
DA:397,0
DA:398,0
DA:402,0
DA:405,0
DA:406,0
DA:409,0
DA:411,16
DA:412,16
DA:413,16
DA:420,16
DA:443,31
DA:444,31
DA:445,31
DA:446,0
DA:449,0
DA:453,26
DA:454,26
DA:476,4
DA:477,0
DA:479,4
DA:489,4
DA:490,0
DA:492,4
DA:493,4
DA:494,0
DA:496,4
LF:132
LH:81
BRDA:15,0,0,10
BRDA:15,0,1,10
BRDA:30,1,0,10
BRDA:30,1,1,20
BRDA:50,2,0,10
BRDA:50,2,1,0
BRDA:53,3,0,0
BRDA:53,3,1,10
BRDA:54,4,0,10
BRDA:54,4,1,0
BRDA:54,4,2,0
BRDA:65,5,0,0
BRDA:65,5,1,10
BRDA:68,6,0,0
BRDA:70,7,0,0
BRDA:70,7,1,0
BRDA:72,8,0,0
BRDA:72,8,1,0
BRDA:74,9,0,0
BRDA:79,10,0,0
BRDA:79,10,1,0
BRDA:92,11,0,0
BRDA:92,11,1,11
BRDA:92,12,0,11
BRDA:92,12,1,11
BRDA:96,13,0,0
BRDA:96,13,1,0
BRDA:119,14,0,0
BRDA:119,14,1,11
BRDA:119,15,0,11
BRDA:119,15,1,11
BRDA:121,16,0,0
BRDA:121,16,1,0
BRDA:136,17,0,0
BRDA:136,17,1,8
BRDA:136,18,0,8
BRDA:136,18,1,8
BRDA:156,19,0,0
BRDA:156,19,1,8
BRDA:156,20,0,8
BRDA:156,20,1,8
BRDA:191,21,0,124
BRDA:195,22,0,6
BRDA:195,22,1,118
BRDA:201,23,0,41
BRDA:201,23,1,77
BRDA:202,24,0,2
BRDA:202,24,1,39
BRDA:211,25,0,13
BRDA:211,25,1,103
BRDA:229,26,0,19
BRDA:231,27,0,3
BRDA:231,27,1,16
BRDA:246,28,0,15
BRDA:246,28,1,4
BRDA:273,29,0,27
BRDA:276,30,0,2
BRDA:276,30,1,25
BRDA:309,31,0,1
BRDA:309,31,1,3
BRDA:328,32,0,13
BRDA:328,32,1,25
BRDA:332,33,0,22
BRDA:332,33,1,3
BRDA:336,34,0,3
BRDA:336,34,1,0
BRDA:352,35,0,0
BRDA:352,35,1,6
BRDA:371,36,0,6
BRDA:373,37,0,4
BRDA:373,37,1,2
BRDA:373,38,0,6
BRDA:373,38,1,6
BRDA:391,39,0,16
BRDA:394,40,0,0
BRDA:394,40,1,16
BRDA:397,41,0,0
BRDA:397,41,1,0
BRDA:412,42,0,16
BRDA:412,42,1,0
BRDA:441,43,0,31
BRDA:445,44,0,0
BRDA:445,44,1,26
BRDA:454,45,0,5
BRDA:454,45,1,21
BRDA:473,46,0,4
BRDA:474,47,0,4
BRDA:476,48,0,0
BRDA:476,48,1,4
BRDA:489,49,0,0
BRDA:489,49,1,4
BRDA:489,50,0,4
BRDA:489,50,1,4
BRDA:493,51,0,0
BRDA:493,51,1,4
BRF:95
BRH:64
end_of_record
